# eps,Tmax, Tmin, phi_theory
1.000000000000000000e+02 7.565556984809818086e-01 7.455954097933569225e-01 1.237018294014474940e+00
6.951927961775605525e+01 7.589533323803528964e-01 7.432338435871120863e-01 1.232598329378393753e+00
4.832930238571753279e+01 7.624474269105125934e-01 7.399013554985596208e-01 1.226069051768293949e+00
3.359818286283782385e+01 7.674831062158682382e-01 7.352357204381149147e-01 1.216472029240441399e+00
2.335721469090122682e+01 7.746598730752451978e-01 7.287740776286533162e-01 1.202402472805429667e+00
1.623776739188721763e+01 7.847792124955174087e-01 7.199551513136257519e-01 1.181749959539135642e+00
1.128837891684689154e+01 7.988889367401521557e-01 7.081490662726079854e-01 1.151268492445634450e+00
7.847599703514614333e+00 8.182507831845071689e-01 6.927289372323796046e-01 1.105960293949701967e+00
5.455594781168519702e+00 8.440300758882766097e-01 6.731890103903203082e-01 1.038521336915218862e+00
3.792690190732249889e+00 8.763717592155149116e-01 6.492903109160373942e-01 9.399032173862745809e-01
2.636650898730358517e+00 9.127856403644384331e-01 6.211842063412369441e-01 8.035093715839650708e-01
1.832980710832436522e+00 9.472557570055355480e-01 5.894517210394055740e-01 6.348923121215701570e-01
1.274274985703134133e+00 9.730951795739898325e-01 5.550252057981260867e-01 4.586600613896189560e-01
8.858667904100832047e-01 9.881837819378658239e-01 5.190182869371178231e-01 3.059332585842004515e-01
6.158482110660267184e-01 9.953333944920357279e-01 4.825345393005761041e-01 1.928404235431614711e-01
4.281332398719395749e-01 9.982731485982826447e-01 4.465219836327633529e-01 1.174517740556046824e-01
2.976351441631319150e-01 9.993841872053107478e-01 4.117019592161705321e-01 7.017103140768195246e-02
2.069138081114789973e-01 9.997848029059969166e-01 3.785629248016703641e-01 4.148816695239066626e-02
1.438449888287662848e-01 9.999256095998911853e-01 3.473928974473060594e-01 2.439439089301610741e-02
1.000000000000000056e-01 9.999744277265539827e-01 3.183259972943697780e-01 1.430293074588718204e-02
0.000000000000000000e+00 1.000000000000000000e+00 0.000000000000000000e+00 0.000000000000000000e+00
