# eps,max_flux, min_flux, phi_max, phi_theory
1.000000000000000000e+02 2.540338396348105622e+21 2.434025035016080196e+21 1.715252489699807814e+00 1.237018294014474940e+00
6.951927961775605525e+01 2.563727426988317082e+21 2.411175322410649387e+21 1.715252489699807814e+00 1.232598329378393753e+00
4.832930238571753279e+01 2.597498990638074429e+21 2.378405472094161732e+21 1.715252489699807814e+00 1.226069051768293949e+00
3.359818286283782385e+01 2.646287571983852896e+21 2.331646214838820274e+21 1.715252489699807814e+00 1.216472029240441399e+00
2.335721469090122682e+01 2.717006820016807477e+21 2.265294632781625688e+21 1.778085128179619057e+00 1.202402472805429667e+00
1.623776739188721763e+01 2.819521177025090945e+21 2.171806691854978646e+21 1.809501447419524789e+00 1.181749959539135642e+00
1.128837891684689154e+01 2.967725730846571758e+21 2.042278907867139408e+21 1.853428921708363930e+00 1.151268492445634450e+00
7.847599703514614333e+00 3.177084170650084442e+21 1.868666674448798581e+21 1.916144068625273755e+00 1.105960293949701967e+00
5.455594781168519702e+00 3.469899441339342258e+21 1.643446643608984748e+21 2.010396757227149056e+00 1.038521336915218862e+00
3.792690190732249889e+00 3.855076412459193991e+21 1.373472164127020417e+21 2.139994204054762594e+00 9.399032173862745809e-01
2.636650898730358517e+00 4.314819924406782394e+21 1.082804305917632315e+21 2.273518846240770053e+00 8.035093715839650708e-01
1.832980710832436522e+00 4.791175717069406601e+21 8.089283188827812004e+20 2.407043488426777955e+00 6.348923121215701570e-01
1.274274985703134133e+00 5.210479947923888013e+21 5.816605719481808323e+20 2.568058498121679634e+00 4.586600613896189560e-01
8.858667904100832047e-01 5.530696090658375991e+21 4.091283175210952294e+20 2.693728749590876159e+00 3.059332585842004515e-01
6.158482110660267184e-01 5.753393530103136256e+21 2.840435946535362560e+20 2.799763024267990286e+00 1.928404235431614711e-01
4.281332398719395749e-01 5.899990338016392511e+21 1.953675269213177119e+20 2.886161322153065978e+00 1.174517740556046824e-01
2.976351441631319150e-01 5.993466037550612218e+21 1.332413080505220137e+20 2.952923643246069929e+00 7.017103140768195246e-02
2.069138081114789973e-01 6.051726856270590771e+21 9.005790771048942797e+19 3.000049987547024344e+00 4.148816695239066626e-02
1.438449888287662848e-01 6.087085266613627257e+21 6.040938939035491533e+19 3.039321941131145621e+00 2.439439089301610741e-02
1.000000000000000056e-01 6.108308579525497717e+21 4.023319661354015130e+19 3.066812308640028295e+00 1.430293074588718204e-02
0.000000000000000000e+00 6.136208787404113314e+21 0.000000000000000000e+00 3.141429020449864939e+00 0.000000000000000000e+00
